<?xml version="1.0" encoding="UTF-8"?>
<!-- Generated by org.testng.reporters.JUnitReportReporter -->
<testsuite skipped="0" hostname="DESKTOP-AFMPLMB" name="org.example.testRunner.runners" tests="1" failures="0" timestamp="2023-02-02T17:16:12 EET" time="10.614" errors="0">
  <testcase name="runScenario" time="10.614" classname="org.example.testRunner.runners"/>
  <system-out/>
</testsuite> <!-- org.example.testRunner.runners -->
